27.08.2018 18:53:06|admin|stat
25.08.2018 21:40:11|admin|parts
24.08.2018 23:42:56|admin|parts
24.08.2018 23:38:51|admin|parts
24.08.2018 21:39:27|admin|theme
24.08.2018 21:39:13|admin|theme
24.08.2018 19:59:12|admin|locdel
24.08.2018 19:58:27|admin|locchange
24.08.2018 19:58:08|admin|locchange
24.08.2018 19:47:41|admin|theme
24.08.2018 19:47:37|admin|theme
24.08.2018 19:45:56|admin|locchange
24.08.2018 18:59:25|admin|delarchive
24.08.2018 18:59:20|admin|archive
24.08.2018 18:59:09|admin|archive
24.08.2018 18:56:38|admin|archive
24.08.2018 18:56:01|admin|archive
24.08.2018 18:55:32|admin|archive
24.08.2018 18:53:07|admin|archive
24.08.2018 15:33:48|admin|delarchive
24.08.2018 15:13:37|admin|locchange
24.08.2018 15:12:59|admin|locchange
24.08.2018 15:12:27|admin|locchange
24.08.2018 15:12:18|admin|locchange
24.08.2018 15:12:12|admin|locchange
01.08.2018 20:48:29|admin|archiveN
01.08.2018 20:48:02|admin|archiveN
01.08.2018 20:48:02|admin|archiveN
01.08.2018 20:48:01|admin|archiveN
01.08.2018 20:48:01|admin|archiveN
01.08.2018 20:47:59|admin|archiveN
01.08.2018 20:47:58|admin|archiveN
01.08.2018 20:39:10|admin|archiveN
01.08.2018 20:38:59|admin|archiveN
01.08.2018 20:38:41|admin|archiveN
01.08.2018 20:38:23|admin|archiveN
01.08.2018 20:37:55|admin|archiveN
01.08.2018 20:37:33|admin|archiveN
01.08.2018 20:37:22|admin|archiveN
01.08.2018 18:19:51|admin|archiveN
01.08.2018 17:25:39|admin|archiveN
01.08.2018 17:17:13|admin|archiveN
01.08.2018 17:15:55|admin|archiveN
01.08.2018 17:15:49|admin|archiveN
01.08.2018 17:14:43|admin|archiveN
01.08.2018 17:14:22|admin|archiveN
01.08.2018 17:14:12|admin|archiveN
01.08.2018 17:13:23|admin|archiveN
01.08.2018 17:12:08|admin|downloadG
01.08.2018 17:01:30|admin|archiveN
01.08.2018 17:01:15|admin|archiveN
01.08.2018 17:01:03|admin|archiveN
01.08.2018 16:59:39|admin|archiveN
01.08.2018 16:58:43|admin|archiveN
01.08.2018 16:56:15|admin|archiveN
01.08.2018 16:54:51|admin|archiveN
01.08.2018 16:53:42|admin|archiveN
01.08.2018 16:50:55|admin|archiveN
01.08.2018 16:43:51|admin|protector
01.08.2018 16:43:43|admin|protector
01.08.2018 16:43:37|admin|scriptset
01.08.2018 16:42:13|admin|scriptset
01.08.2018 15:43:51|admin|archiveN
01.08.2018 15:41:50|admin|enterin
01.08.2018 15:25:44|admin|enterin
01.08.2018 15:16:29|admin|enterin
01.08.2018 15:16:17|admin|enterin
01.08.2018 15:12:13|admin|enterin
31.07.2018 16:07:07|admin|locchange
31.07.2018 15:47:37|admin|loccreate
30.07.2018 21:56:00|admin|parts
30.07.2018 21:54:21|admin|parts
30.07.2018 18:59:13|admin|parts
30.07.2018 18:53:29|admin|parts
30.07.2018 18:49:27|admin|parts
30.07.2018 18:47:48|admin|parts
30.07.2018 16:16:43|admin|elogdeln
30.07.2018 16:16:28|admin|elogclear
29.07.2018 21:32:38|admin|makes
29.07.2018 20:49:05|admin|replaceclever
29.07.2018 19:57:39|admin|replaceclever
29.07.2018 19:57:38|admin|replaceclever